<?xml version="1.0" encoding="UTF-8"?>
<!-- Generated by org.testng.reporters.JUnitXMLReporter -->
<testsuite hostname="DESKTOP-FAJDTI3" ignored="0" name="Default test(failed)" tests="2" failures="2" timestamp="2020-05-10T21:43:48 IST" time="0.256" errors="0">
  <testcase name="child" time="0.053" classname="interviewquestion.RerunFailedTestcase">
    <failure type="java.lang.AssertionError" message="expected [false] but found [true]">
      <![CDATA[java.lang.AssertionError: expected [false] but found [true]
at interviewquestion.RerunFailedTestcase.child(RerunFailedTestcase.java:16)
at java.util.ArrayList.forEach(ArrayList.java:1257)
... Removed 32 stack frames]]>
    </failure>
  </testcase> <!-- child -->
  <testcase name="parent" time="0.016" classname="interviewquestion.RerunFailedTestcase">
    <failure type="java.lang.AssertionError" message="expected [true] but found [false]">
      <![CDATA[java.lang.AssertionError: expected [true] but found [false]
at interviewquestion.RerunFailedTestcase.parent(RerunFailedTestcase.java:10)
at java.util.ArrayList.forEach(ArrayList.java:1257)
... Removed 32 stack frames]]>
    </failure>
  </testcase> <!-- parent -->
</testsuite> <!-- Default test(failed) -->
